<?xml version="1.0" encoding="UTF-8"?>
<testsuite xmlns:xsi="http://www.w3.org/2001/XMLSchema-instance" xsi:noNamespaceSchemaLocation="https://maven.apache.org/surefire/maven-surefire-plugin/xsd/surefire-test-report-3.0.xsd" version="3.0" name="com.example.zookeeper.ZookeeperPatternsIntegrationTest" time="8.78" tests="11" errors="0" skipped="0" failures="0">
  <properties>
[...]
</properties>
  <testcase name="serviceDiscovery_deregister" classname="com.example.zookeeper.ZookeeperPatternsIntegrationTest" time="1.854">
    <system-out><![CDATA[03:42:50.255 [main] INFO org.springframework.boot.test.context.SpringBootTestContextBootstrapper -- Found @SpringBootConfiguration com.example.zookeeper.ZookeeperPatternsApplication for test class com.example.zookeeper.ZookeeperPatternsIntegrationTest

  .   ____          _            __ _ _
 /\\ / ___'_ __ _ _(_)_ __  __ _ \ \ \ \
( ( )\___ | '_ | '_| | '_ \/ _` | \ \ \ \
 \\/  ___)| |_)| | | | | || (_| |  ) ) ) )
  '  |____| .__|_| |_|_| |_\__, | / / / /
 =========|_|==============|___/=/_/_/_/
 :: Spring Boot ::                (v3.2.5)

2026-06-11T03:42:51.043+05:30  INFO 85548 --- [zookeeper-patterns] [           main] c.e.z.ZookeeperPatternsIntegrationTest   : Starting ZookeeperPatternsIntegrationTest using Java 17.0.4.1 with PID 85548 (started by divyanshu in /Users/divyanshu/Desktop/Projects/Zookeeper)
2026-06-11T03:42:51.048+05:30  INFO 85548 --- [zookeeper-patterns] [           main] c.e.z.ZookeeperPatternsIntegrationTest   : No active profile set, falling back to 1 default profile: "default"
2026-06-11T03:42:53.166+05:30  INFO 85548 --- [zookeeper-patterns] [           main] o.a.z.s.e.ZooKeeperServerEmbeddedImpl    : Current configuration is at /private/var/folders/9h/t4r5k3mn5zz_60sv6p57b2tc0000gn/T/zookeeper.configuration16315815641454926397.properties
2026-06-11T03:42:53.169+05:30  INFO 85548 --- [zookeeper-patterns] [           main] o.a.z.server.quorum.QuorumPeerConfig     : Reading configuration from: /private/var/folders/9h/t4r5k3mn5zz_60sv6p57b2tc0000gn/T/zookeeper.configuration16315815641454926397.properties
2026-06-11T03:42:53.171+05:30  INFO 85548 --- [zookeeper-patterns] [           main] o.a.z.server.quorum.QuorumPeerConfig     : clientPort is not set
2026-06-11T03:42:53.171+05:30  INFO 85548 --- [zookeeper-patterns] [           main] o.a.z.server.quorum.QuorumPeerConfig     : secureClientPort is not set
2026-06-11T03:42:53.172+05:30  INFO 85548 --- [zookeeper-patterns] [           main] o.a.z.server.quorum.QuorumPeerConfig     : observerMasterPort is not set
2026-06-11T03:42:53.172+05:30  INFO 85548 --- [zookeeper-patterns] [           main] o.a.z.server.quorum.QuorumPeerConfig     : metricsProvider.className is org.apache.zookeeper.metrics.impl.DefaultMetricsProvider
2026-06-11T03:42:53.172+05:30  INFO 85548 --- [zookeeper-patterns] [           main] o.a.z.s.e.ZooKeeperServerEmbeddedImpl    : ServerID:-1
2026-06-11T03:42:53.172+05:30  INFO 85548 --- [zookeeper-patterns] [           main] o.a.z.s.e.ZooKeeperServerEmbeddedImpl    : DataDir:/private/var/folders/9h/t4r5k3mn5zz_60sv6p57b2tc0000gn/T/DirectoryUtils16883306058859505448
2026-06-11T03:42:53.172+05:30  INFO 85548 --- [zookeeper-patterns] [           main] o.a.z.s.e.ZooKeeperServerEmbeddedImpl    : Servers:{}
2026-06-11T03:42:53.172+05:30  INFO 85548 --- [zookeeper-patterns] [           main] o.a.z.s.e.ZooKeeperServerEmbeddedImpl    : ElectionPort:2182
2026-06-11T03:42:53.172+05:30  INFO 85548 --- [zookeeper-patterns] [           main] o.a.z.s.e.ZooKeeperServerEmbeddedImpl    : SyncLimit:5
2026-06-11T03:42:53.172+05:30  INFO 85548 --- [zookeeper-patterns] [           main] o.a.z.s.e.ZooKeeperServerEmbeddedImpl    : PeerType:PARTICIPANT
2026-06-11T03:42:53.173+05:30  INFO 85548 --- [zookeeper-patterns] [           main] o.a.z.s.e.ZooKeeperServerEmbeddedImpl    : Distributed:false
2026-06-11T03:42:53.173+05:30  INFO 85548 --- [zookeeper-patterns] [           main] o.a.z.s.e.ZooKeeperServerEmbeddedImpl    : SyncEnabled:true
2026-06-11T03:42:53.173+05:30  INFO 85548 --- [zookeeper-patterns] [           main] o.a.z.s.e.ZooKeeperServerEmbeddedImpl    : MetricsProviderClassName:org.apache.zookeeper.metrics.impl.DefaultMetricsProvider
2026-06-11T03:42:53.173+05:30  INFO 85548 --- [zookeeper-patterns] [           main] o.a.c.t.ZooKeeperServerEmbeddedAdapter   : Configure ZooKeeperServerEmbeddedAdapter with properties: {localSessionsUpgradingEnabled=false, admin.enableServer=false, dataDir=/private/var/folders/9h/t4r5k3mn5zz_60sv6p57b2tc0000gn/T/DirectoryUtils16883306058859505448, localSessionsEnabled=false, initLimit=10, clientPort=0, tickTime=1000, 4lw.commands.whitelist=*, syncLimit=5, minSessionTimeout=1000}
2026-06-11T03:42:53.176+05:30  INFO 85548 --- [zookeeper-patterns] [           main] o.a.z.s.e.ZooKeeperServerEmbeddedImpl    : Running ZK Server in single STANDALONE MODE
2026-06-11T03:42:53.179+05:30  INFO 85548 --- [zookeeper-patterns] [           main] o.a.z.server.DatadirCleanupManager       : autopurge.snapRetainCount set to 3
2026-06-11T03:42:53.180+05:30  INFO 85548 --- [zookeeper-patterns] [           main] o.a.z.server.DatadirCleanupManager       : autopurge.purgeInterval set to 0
2026-06-11T03:42:53.180+05:30  INFO 85548 --- [zookeeper-patterns] [           main] o.a.z.server.DatadirCleanupManager       : Purge task is not scheduled.
2026-06-11T03:42:53.181+05:30  INFO 85548 --- [zookeeper-patterns] [ervermainrunner] o.a.z.s.e.ZooKeeperServerEmbeddedImpl    : ZK server starting
2026-06-11T03:42:53.182+05:30  INFO 85548 --- [zookeeper-patterns] [ervermainrunner] o.a.z.server.ZooKeeperServerMain         : Starting server
2026-06-11T03:42:53.190+05:30  INFO 85548 --- [zookeeper-patterns] [ervermainrunner] o.apache.zookeeper.server.ServerMetrics  : ServerMetrics initialized with provider org.apache.zookeeper.metrics.impl.DefaultMetricsProvider@14d0c7ab
2026-06-11T03:42:53.191+05:30  INFO 85548 --- [zookeeper-patterns] [ervermainrunner] o.a.z.s.a.DigestAuthenticationProvider   : ACL digest algorithm is: SHA1
2026-06-11T03:42:53.192+05:30  INFO 85548 --- [zookeeper-patterns] [ervermainrunner] o.a.z.s.a.DigestAuthenticationProvider   : zookeeper.DigestAuthenticationProvider.enabled = true
2026-06-11T03:42:53.193+05:30  INFO 85548 --- [zookeeper-patterns] [ervermainrunner] o.a.z.server.persistence.FileTxnSnapLog  : zookeeper.snapshot.trust.empty : false
2026-06-11T03:42:53.201+05:30  INFO 85548 --- [zookeeper-patterns] [ervermainrunner] o.a.zookeeper.server.ZooKeeperServer     : 
2026-06-11T03:42:53.201+05:30  INFO 85548 --- [zookeeper-patterns] [ervermainrunner] o.a.zookeeper.server.ZooKeeperServer     :   ______                  _                                          
2026-06-11T03:42:53.201+05:30  INFO 85548 --- [zookeeper-patterns] [ervermainrunner] o.a.zookeeper.server.ZooKeeperServer     :  |___  /                 | |                                         
2026-06-11T03:42:53.201+05:30  INFO 85548 --- [zookeeper-patterns] [ervermainrunner] o.a.zookeeper.server.ZooKeeperServer     :     / /    ___     ___   | | __   ___    ___   _ __     ___   _ __   
2026-06-11T03:42:53.201+05:30  INFO 85548 --- [zookeeper-patterns] [ervermainrunner] o.a.zookeeper.server.ZooKeeperServer     :    / /    / _ \   / _ \  | |/ /  / _ \  / _ \ | '_ \   / _ \ | '__|
2026-06-11T03:42:53.201+05:30  INFO 85548 --- [zookeeper-patterns] [ervermainrunner] o.a.zookeeper.server.ZooKeeperServer     :   / /__  | (_) | | (_) | |   <  |  __/ |  __/ | |_) | |  __/ | |    
2026-06-11T03:42:53.201+05:30  INFO 85548 --- [zookeeper-patterns] [ervermainrunner] o.a.zookeeper.server.ZooKeeperServer     :  /_____|  \___/   \___/  |_|\_\  \___|  \___| | .__/   \___| |_|
2026-06-11T03:42:53.201+05:30  INFO 85548 --- [zookeeper-patterns] [ervermainrunner] o.a.zookeeper.server.ZooKeeperServer     :                                               | |                     
2026-06-11T03:42:53.201+05:30  INFO 85548 --- [zookeeper-patterns] [ervermainrunner] o.a.zookeeper.server.ZooKeeperServer     :                                               |_|                     
2026-06-11T03:42:53.201+05:30  INFO 85548 --- [zookeeper-patterns] [ervermainrunner] o.a.zookeeper.server.ZooKeeperServer     : 
2026-06-11T03:42:53.224+05:30  INFO 85548 --- [zookeeper-patterns] [ervermainrunner] o.a.zookeeper.server.ZooKeeperServer     : Server environment:zookeeper.version=3.7.2-c06c7c8a3e95779d4becb1938b378596e3b420d0, built on 2023-10-06 09:51 UTC
2026-06-11T03:42:53.225+05:30  INFO 85548 --- [zookeeper-patterns] [ervermainrunner] o.a.zookeeper.server.ZooKeeperServer     : Server environment:host.name=localhost
2026-06-11T03:42:53.225+05:30  INFO 85548 --- [zookeeper-patterns] [ervermainrunner] o.a.zookeeper.server.ZooKeeperServer     : Server environment:java.version=17.0.4.1
2026-06-11T03:42:53.225+05:30  INFO 85548 --- [zookeeper-patterns] [ervermainrunner] o.a.zookeeper.server.ZooKeeperServer     : Server environment:java.vendor=Eclipse Adoptium
2026-06-11T03:42:53.225+05:30  INFO 85548 --- [zookeeper-patterns] [ervermainrunner] o.a.zookeeper.server.ZooKeeperServer     : Server environment:java.home=/Library/Java/JavaVirtualMachines/temurin-17.jdk/Contents/Home
2026-06-11T03:42:53.226+05:30  INFO 85548 --- [zookeeper-patterns] [ervermainrunner] o.a.zookeeper.server.ZooKeeperServer     : Server environment:java.class.path=/Users/divyanshu/Desktop/Projects/Zookeeper/target/test-classes:/Users/divyanshu/Desktop/Projects/Zookeeper/target/classes:/Users/divyanshu/.m2/repository/org/springframework/boot/spring-boot-starter-web/3.2.5/spring-boot-starter-web-3.2.5.jar:/Users/divyanshu/.m2/repository/org/springframework/boot/spring-boot-starter/3.2.5/spring-boot-starter-3.2.5.jar:/Users/divyanshu/.m2/repository/org/springframework/boot/spring-boot/3.2.5/spring-boot-3.2.5.jar:/Users/divyanshu/.m2/repository/org/springframework/boot/spring-boot-autoconfigure/3.2.5/spring-boot-autoconfigure-3.2.5.jar:/Users/divyanshu/.m2/repository/org/springframework/boot/spring-boot-starter-logging/3.2.5/spring-boot-starter-logging-3.2.5.jar:/Users/divyanshu/.m2/repository/ch/qos/logback/logback-classic/1.4.14/logback-classic-1.4.14.jar:/Users/divyanshu/.m2/repository/ch/qos/logback/logback-core/1.4.14/logback-core-1.4.14.jar:/Users/divyanshu/.m2/repository/org/apache/logging/log4j/log4j-to-slf4j/2.21.1/log4j-to-slf4j-2.21.1.jar:/Users/divyanshu/.m2/repository/org/apache/logging/log4j/log4j-api/2.21.1/log4j-api-2.21.1.jar:/Users/divyanshu/.m2/repository/org/slf4j/jul-to-slf4j/2.0.13/jul-to-slf4j-2.0.13.jar:/Users/divyanshu/.m2/repository/jakarta/annotation/jakarta.annotation-api/2.1.1/jakarta.annotation-api-2.1.1.jar:/Users/divyanshu/.m2/repository/org/yaml/snakeyaml/2.2/snakeyaml-2.2.jar:/Users/divyanshu/.m2/repository/org/springframework/boot/spring-boot-starter-json/3.2.5/spring-boot-starter-json-3.2.5.jar:/Users/divyanshu/.m2/repository/com/fasterxml/jackson/datatype/jackson-datatype-jdk8/2.15.4/jackson-datatype-jdk8-2.15.4.jar:/Users/divyanshu/.m2/repository/com/fasterxml/jackson/datatype/jackson-datatype-jsr310/2.15.4/jackson-datatype-jsr310-2.15.4.jar:/Users/divyanshu/.m2/repository/com/fasterxml/jackson/module/jackson-module-parameter-names/2.15.4/jackson-module-parameter-names-2.15.4.jar:/Users/divyanshu/.m2/repository/org/springframework/boot/spring-boot-starter-tomcat/3.2.5/spring-boot-starter-tomcat-3.2.5.jar:/Users/divyanshu/.m2/repository/org/apache/tomcat/embed/tomcat-embed-core/10.1.20/tomcat-embed-core-10.1.20.jar:/Users/divyanshu/.m2/repository/org/apache/tomcat/embed/tomcat-embed-el/10.1.20/tomcat-embed-el-10.1.20.jar:/Users/divyanshu/.m2/repository/org/apache/tomcat/embed/tomcat-embed-websocket/10.1.20/tomcat-embed-websocket-10.1.20.jar:/Users/divyanshu/.m2/repository/org/springframework/spring-web/6.1.6/spring-web-6.1.6.jar:/Users/divyanshu/.m2/repository/org/springframework/spring-beans/6.1.6/spring-beans-6.1.6.jar:/Users/divyanshu/.m2/repository/org/springframework/spring-webmvc/6.1.6/spring-webmvc-6.1.6.jar:/Users/divyanshu/.m2/repository/org/springframework/spring-aop/6.1.6/spring-aop-6.1.6.jar:/Users/divyanshu/.m2/repository/org/springframework/spring-context/6.1.6/spring-context-6.1.6.jar:/Users/divyanshu/.m2/repository/org/springframework/spring-expression/6.1.6/spring-expression-6.1.6.jar:/Users/divyanshu/.m2/repository/org/springframework/boot/spring-boot-starter-actuator/3.2.5/spring-boot-starter-actuator-3.2.5.jar:/Users/divyanshu/.m2/repository/org/springframework/boot/spring-boot-actuator-autoconfigure/3.2.5/spring-boot-actuator-autoconfigure-3.2.5.jar:/Users/divyanshu/.m2/repository/org/springframework/boot/spring-boot-actuator/3.2.5/spring-boot-actuator-3.2.5.jar:/Users/divyanshu/.m2/repository/io/micrometer/micrometer-observation/1.12.5/micrometer-observation-1.12.5.jar:/Users/divyanshu/.m2/repository/io/micrometer/micrometer-commons/1.12.5/micrometer-commons-1.12.5.jar:/Users/divyanshu/.m2/repository/io/micrometer/micrometer-jakarta9/1.12.5/micrometer-jakarta9-1.12.5.jar:/Users/divyanshu/.m2/repository/io/micrometer/micrometer-core/1.12.5/micrometer-core-1.12.5.jar:/Users/divyanshu/.m2/repository/org/hdrhistogram/HdrHistogram/2.1.12/HdrHistogram-2.1.12.jar:/Users/divyanshu/.m2/repository/org/latencyutils/LatencyUtils/2.0.3/LatencyUtils-2.0.3.jar:/Users/divyanshu/.m2/repository/org/apache/curator/curator-framework/5.6.0/curator-framework-5.6.0.jar:/Users/divyanshu/.m2/repository/org/apache/curator/curator-client/5.6.0/curator-client-5.6.0.jar:/Users/divyanshu/.m2/repository/org/slf4j/slf4j-api/2.0.13/slf4j-api-2.0.13.jar:/Users/divyanshu/.m2/repository/org/apache/curator/curator-recipes/5.6.0/curator-recipes-5.6.0.jar:/Users/divyanshu/.m2/repository/org/apache/curator/curator-x-discovery/5.6.0/curator-x-discovery-5.6.0.jar:/Users/divyanshu/.m2/repository/com/fasterxml/jackson/core/jackson-databind/2.15.4/jackson-databind-2.15.4.jar:/Users/divyanshu/.m2/repository/com/fasterxml/jackson/core/jackson-annotations/2.15.4/jackson-annotations-2.15.4.jar:/Users/divyanshu/.m2/repository/com/fasterxml/jackson/core/jackson-core/2.15.4/jackson-core-2.15.4.jar:/Users/divyanshu/.m2/repository/org/projectlombok/lombok/1.18.32/lombok-1.18.32.jar:/Users/divyanshu/.m2/repository/org/springframework/boot/spring-boot-starter-test/3.2.5/spring-boot-starter-test-3.2.5.jar:/Users/divyanshu/.m2/repository/org/springframework/boot/spring-boot-test/3.2.5/spring-boot-test-3.2.5.jar:/Users/divyanshu/.m2/repository/org/springframework/boot/spring-boot-test-autoconfigure/3.2.5/spring-boot-test-autoconfigure-3.2.5.jar:/Users/divyanshu/.m2/repository/com/jayway/jsonpath/json-path/2.9.0/json-path-2.9.0.jar:/Users/divyanshu/.m2/repository/jakarta/xml/bind/jakarta.xml.bind-api/4.0.2/jakarta.xml.bind-api-4.0.2.jar:/Users/divyanshu/.m2/repository/jakarta/activation/jakarta.activation-api/2.1.3/jakarta.activation-api-2.1.3.jar:/Users/divyanshu/.m2/repository/net/minidev/json-smart/2.5.1/json-smart-2.5.1.jar:/Users/divyanshu/.m2/repository/net/minidev/accessors-smart/2.5.1/accessors-smart-2.5.1.jar:/Users/divyanshu/.m2/repository/org/ow2/asm/asm/9.6/asm-9.6.jar:/Users/divyanshu/.m2/repository/org/assertj/assertj-core/3.24.2/assertj-core-3.24.2.jar:/Users/divyanshu/.m2/repository/net/bytebuddy/byte-buddy/1.14.13/byte-buddy-1.14.13.jar:/Users/divyanshu/.m2/repository/org/awaitility/awaitility/4.2.1/awaitility-4.2.1.jar:/Users/divyanshu/.m2/repository/org/hamcrest/hamcrest/2.2/hamcrest-2.2.jar:/Users/divyanshu/.m2/repository/org/junit/jupiter/junit-jupiter/5.10.2/junit-jupiter-5.10.2.jar:/Users/divyanshu/.m2/repository/org/junit/jupiter/junit-jupiter-params/5.10.2/junit-jupiter-params-5.10.2.jar:/Users/divyanshu/.m2/repository/org/junit/jupiter/junit-jupiter-engine/5.10.2/junit-jupiter-engine-5.10.2.jar:/Users/divyanshu/.m2/repository/org/junit/platform/junit-platform-engine/1.10.2/junit-platform-engine-1.10.2.jar:/Users/divyanshu/.m2/repository/org/mockito/mockito-core/5.7.0/mockito-core-5.7.0.jar:/Users/divyanshu/.m2/repository/net/bytebuddy/byte-buddy-agent/1.14.13/byte-buddy-agent-1.14.13.jar:/Users/divyanshu/.m2/repository/org/objenesis/objenesis/3.3/objenesis-3.3.jar:/Users/divyanshu/.m2/repository/org/mockito/mockito-junit-jupiter/5.7.0/mockito-junit-jupiter-5.7.0.jar:/Users/divyanshu/.m2/repository/org/skyscreamer/jsonassert/1.5.1/jsonassert-1.5.1.jar:/Users/divyanshu/.m2/repository/com/vaadin/external/google/android-json/0.0.20131108.vaadin1/android-json-0.0.20131108.vaadin1.jar:/Users/divyanshu/.m2/repository/org/springframework/spring-core/6.1.6/spring-core-6.1.6.jar:/Users/divyanshu/.m2/repository/org/springframework/spring-jcl/6.1.6/spring-jcl-6.1.6.jar:/Users/divyanshu/.m2/repository/org/springframework/spring-test/6.1.6/spring-test-6.1.6.jar:/Users/divyanshu/.m2/repository/org/xmlunit/xmlunit-core/2.9.1/xmlunit-core-2.9.1.jar:/Users/divyanshu/.m2/repository/org/apache/curator/curator-test/5.6.0/curator-test-5.6.0.jar:/Users/divyanshu/.m2/repository/org/apache/zookeeper/zookeeper/3.7.2/zookeeper-3.7.2.jar:/Users/divyanshu/.m2/repository/org/apache/zookeeper/zookeeper-jute/3.7.2/zookeeper-jute-3.7.2.jar:/Users/divyanshu/.m2/repository/org/apache/yetus/audience-annotations/0.12.0/audience-annotations-0.12.0.jar:/Users/divyanshu/.m2/repository/io/netty/netty-handler/4.1.109.Final/netty-handler-4.1.109.Final.jar:/Users/divyanshu/.m2/repository/io/netty/netty-common/4.1.109.Final/netty-common-4.1.109.Final.jar:/Users/divyanshu/.m2/repository/io/netty/netty-resolver/4.1.109.Final/netty-resolver-4.1.109.Final.jar:/Users/divyanshu/.m2/repository/io/netty/netty-buffer/4.1.109.Final/netty-buffer-4.1.109.Final.jar:/Users/divyanshu/.m2/repository/io/netty/netty-transport/4.1.109.Final/netty-transport-4.1.109.Final.jar:/Users/divyanshu/.m2/repository/io/netty/netty-transport-native-unix-common/4.1.109.Final/netty-transport-native-unix-common-4.1.109.Final.jar:/Users/divyanshu/.m2/repository/io/netty/netty-codec/4.1.109.Final/netty-codec-4.1.109.Final.jar:/Users/divyanshu/.m2/repository/io/netty/netty-transport-native-epoll/4.1.109.Final/netty-transport-native-epoll-4.1.109.Final.jar:/Users/divyanshu/.m2/repository/io/netty/netty-transport-classes-epoll/4.1.109.Final/netty-transport-classes-epoll-4.1.109.Final.jar:/Users/divyanshu/.m2/repository/io/dropwizard/metrics/metrics-core/4.2.25/metrics-core-4.2.25.jar:/Users/divyanshu/.m2/repository/org/xerial/snappy/snappy-java/1.1.10.4/snappy-java-1.1.10.4.jar:/Users/divyanshu/.m2/repository/com/google/guava/guava/32.0.0-jre/guava-32.0.0-jre.jar:/Users/divyanshu/.m2/repository/com/google/guava/failureaccess/1.0.1/failureaccess-1.0.1.jar:/Users/divyanshu/.m2/repository/com/google/guava/listenablefuture/9999.0-empty-to-avoid-conflict-with-guava/listenablefuture-9999.0-empty-to-avoid-conflict-with-guava.jar:/Users/divyanshu/.m2/repository/com/google/code/findbugs/jsr305/3.0.2/jsr305-3.0.2.jar:/Users/divyanshu/.m2/repository/org/checkerframework/checker-qual/3.33.0/checker-qual-3.33.0.jar:/Users/divyanshu/.m2/repository/com/google/errorprone/error_prone_annotations/2.18.0/error_prone_annotations-2.18.0.jar:/Users/divyanshu/.m2/repository/com/google/j2objc/j2objc-annotations/2.8/j2objc-annotations-2.8.jar:/Users/divyanshu/.m2/repository/org/junit/jupiter/junit-jupiter-api/5.10.2/junit-jupiter-api-5.10.2.jar:/Users/divyanshu/.m2/repository/org/opentest4j/opentest4j/1.3.0/opentest4j-1.3.0.jar:/Users/divyanshu/.m2/repository/org/junit/platform/junit-platform-commons/1.10.2/junit-platform-commons-1.10.2.jar:/Users/divyanshu/.m2/repository/org/apiguardian/apiguardian-api/1.1.2/apiguardian-api-1.1.2.jar:
2026-06-11T03:42:53.226+05:30  INFO 85548 --- [zookeeper-patterns] [ervermainrunner] o.a.zookeeper.server.ZooKeeperServer     : Server environment:java.library.path=/Users/divyanshu/Library/Java/Extensions:/Library/Java/Extensions:/Network/Library/Java/Extensions:/System/Library/Java/Extensions:/usr/lib/java:.
2026-06-11T03:42:53.227+05:30  INFO 85548 --- [zookeeper-patterns] [ervermainrunner] o.a.zookeeper.server.ZooKeeperServer     : Server environment:java.io.tmpdir=/var/folders/9h/t4r5k3mn5zz_60sv6p57b2tc0000gn/T/
2026-06-11T03:42:53.227+05:30  INFO 85548 --- [zookeeper-patterns] [ervermainrunner] o.a.zookeeper.server.ZooKeeperServer     : Server environment:java.compiler=<NA>
2026-06-11T03:42:53.227+05:30  INFO 85548 --- [zookeeper-patterns] [ervermainrunner] o.a.zookeeper.server.ZooKeeperServer     : Server environment:os.name=Mac OS X
2026-06-11T03:42:53.227+05:30  INFO 85548 --- [zookeeper-patterns] [ervermainrunner] o.a.zookeeper.server.ZooKeeperServer     : Server environment:os.arch=x86_64
2026-06-11T03:42:53.227+05:30  INFO 85548 --- [zookeeper-patterns] [ervermainrunner] o.a.zookeeper.server.ZooKeeperServer     : Server environment:os.version=26.2
2026-06-11T03:42:53.227+05:30  INFO 85548 --- [zookeeper-patterns] [ervermainrunner] o.a.zookeeper.server.ZooKeeperServer     : Server environment:user.name=divyanshu
2026-06-11T03:42:53.227+05:30  INFO 85548 --- [zookeeper-patterns] [ervermainrunner] o.a.zookeeper.server.ZooKeeperServer     : Server environment:user.home=/Users/divyanshu
2026-06-11T03:42:53.228+05:30  INFO 85548 --- [zookeeper-patterns] [ervermainrunner] o.a.zookeeper.server.ZooKeeperServer     : Server environment:user.dir=/Users/divyanshu/Desktop/Projects/Zookeeper
2026-06-11T03:42:53.228+05:30  INFO 85548 --- [zookeeper-patterns] [ervermainrunner] o.a.zookeeper.server.ZooKeeperServer     : Server environment:os.memory.free=28MB
2026-06-11T03:42:53.228+05:30  INFO 85548 --- [zookeeper-patterns] [ervermainrunner] o.a.zookeeper.server.ZooKeeperServer     : Server environment:os.memory.max=2048MB
2026-06-11T03:42:53.231+05:30  INFO 85548 --- [zookeeper-patterns] [ervermainrunner] o.a.zookeeper.server.ZooKeeperServer     : Server environment:os.memory.total=54MB
2026-06-11T03:42:53.231+05:30  INFO 85548 --- [zookeeper-patterns] [ervermainrunner] o.a.zookeeper.server.ZooKeeperServer     : zookeeper.enableEagerACLCheck = false
2026-06-11T03:42:53.231+05:30  INFO 85548 --- [zookeeper-patterns] [ervermainrunner] o.a.zookeeper.server.ZooKeeperServer     : zookeeper.digest.enabled = true
2026-06-11T03:42:53.231+05:30  INFO 85548 --- [zookeeper-patterns] [ervermainrunner] o.a.zookeeper.server.ZooKeeperServer     : zookeeper.closeSessionTxn.enabled = true
2026-06-11T03:42:53.231+05:30  INFO 85548 --- [zookeeper-patterns] [ervermainrunner] o.a.zookeeper.server.ZooKeeperServer     : zookeeper.flushDelay=0
2026-06-11T03:42:53.231+05:30  INFO 85548 --- [zookeeper-patterns] [ervermainrunner] o.a.zookeeper.server.ZooKeeperServer     : zookeeper.maxWriteQueuePollTime=0
2026-06-11T03:42:53.232+05:30  INFO 85548 --- [zookeeper-patterns] [ervermainrunner] o.a.zookeeper.server.ZooKeeperServer     : zookeeper.maxBatchSize=1000
2026-06-11T03:42:53.232+05:30  INFO 85548 --- [zookeeper-patterns] [ervermainrunner] o.a.zookeeper.server.ZooKeeperServer     : zookeeper.intBufferStartingSizeBytes = 1024
2026-06-11T03:42:53.233+05:30  INFO 85548 --- [zookeeper-patterns] [ervermainrunner] o.apache.zookeeper.server.BlueThrottle   : Weighed connection throttling is disabled
2026-06-11T03:42:53.234+05:30  INFO 85548 --- [zookeeper-patterns] [ervermainrunner] o.a.zookeeper.server.ZooKeeperServer     : minSessionTimeout set to 1000
2026-06-11T03:42:53.234+05:30  INFO 85548 --- [zookeeper-patterns] [ervermainrunner] o.a.zookeeper.server.ZooKeeperServer     : maxSessionTimeout set to 20000
2026-06-11T03:42:53.235+05:30  INFO 85548 --- [zookeeper-patterns] [ervermainrunner] o.apache.zookeeper.server.ResponseCache  : getData response cache size is initialized with value 400.
2026-06-11T03:42:53.235+05:30  INFO 85548 --- [zookeeper-patterns] [ervermainrunner] o.apache.zookeeper.server.ResponseCache  : getChildren response cache size is initialized with value 400.
2026-06-11T03:42:53.236+05:30  INFO 85548 --- [zookeeper-patterns] [ervermainrunner] o.a.z.s.u.RequestPathMetricsCollector    : zookeeper.pathStats.slotCapacity = 60
2026-06-11T03:42:53.236+05:30  INFO 85548 --- [zookeeper-patterns] [ervermainrunner] o.a.z.s.u.RequestPathMetricsCollector    : zookeeper.pathStats.slotDuration = 15
2026-06-11T03:42:53.236+05:30  INFO 85548 --- [zookeeper-patterns] [ervermainrunner] o.a.z.s.u.RequestPathMetricsCollector    : zookeeper.pathStats.maxDepth = 6
2026-06-11T03:42:53.236+05:30  INFO 85548 --- [zookeeper-patterns] [ervermainrunner] o.a.z.s.u.RequestPathMetricsCollector    : zookeeper.pathStats.initialDelay = 5
2026-06-11T03:42:53.236+05:30  INFO 85548 --- [zookeeper-patterns] [ervermainrunner] o.a.z.s.u.RequestPathMetricsCollector    : zookeeper.pathStats.delay = 5
2026-06-11T03:42:53.236+05:30  INFO 85548 --- [zookeeper-patterns] [ervermainrunner] o.a.z.s.u.RequestPathMetricsCollector    : zookeeper.pathStats.enabled = false
2026-06-11T03:42:53.238+05:30  INFO 85548 --- [zookeeper-patterns] [ervermainrunner] o.a.zookeeper.server.ZooKeeperServer     : The max bytes for all large requests are set to 104857600
2026-06-11T03:42:53.238+05:30  INFO 85548 --- [zookeeper-patterns] [ervermainrunner] o.a.zookeeper.server.ZooKeeperServer     : The large request threshold is set to -1
2026-06-11T03:42:53.239+05:30  INFO 85548 --- [zookeeper-patterns] [ervermainrunner] o.a.z.server.AuthenticationHelper        : zookeeper.enforce.auth.enabled = false
2026-06-11T03:42:53.239+05:30  INFO 85548 --- [zookeeper-patterns] [ervermainrunner] o.a.z.server.AuthenticationHelper        : zookeeper.enforce.auth.schemes = []
2026-06-11T03:42:53.239+05:30  INFO 85548 --- [zookeeper-patterns] [ervermainrunner] o.a.zookeeper.server.ZooKeeperServer     : Created server with tickTime 1000 minSessionTimeout 1000 maxSessionTimeout 20000 clientPortListenBacklog -1 datadir /private/var/folders/9h/t4r5k3mn5zz_60sv6p57b2tc0000gn/T/DirectoryUtils16883306058859505448/version-2 snapdir /private/var/folders/9h/t4r5k3mn5zz_60sv6p57b2tc0000gn/T/DirectoryUtils16883306058859505448/version-2
2026-06-11T03:42:53.246+05:30  INFO 85548 --- [zookeeper-patterns] [ervermainrunner] o.a.zookeeper.server.ServerCnxnFactory   : Using org.apache.zookeeper.server.NIOServerCnxnFactory as server connection factory
2026-06-11T03:42:53.248+05:30  WARN 85548 --- [zookeeper-patterns] [ervermainrunner] o.a.zookeeper.server.ServerCnxnFactory   : maxCnxns is not configured, using default value 0.
2026-06-11T03:42:53.250+05:30  INFO 85548 --- [zookeeper-patterns] [ervermainrunner] o.a.z.server.NIOServerCnxnFactory        : Configuring NIO connection handler with 10s sessionless connection timeout, 2 selector thread(s), 16 worker threads, and 64 kB direct buffers.
2026-06-11T03:42:53.258+05:30  INFO 85548 --- [zookeeper-patterns] [ervermainrunner] o.a.z.server.NIOServerCnxnFactory        : binding to port 0.0.0.0/0.0.0.0:0
2026-06-11T03:42:53.271+05:30  INFO 85548 --- [zookeeper-patterns] [ervermainrunner] o.a.z.server.watch.WatchManagerFactory   : Using org.apache.zookeeper.server.watch.WatchManager as watch manager
2026-06-11T03:42:53.271+05:30  INFO 85548 --- [zookeeper-patterns] [ervermainrunner] o.a.z.server.watch.WatchManagerFactory   : Using org.apache.zookeeper.server.watch.WatchManager as watch manager
2026-06-11T03:42:53.271+05:30  INFO 85548 --- [zookeeper-patterns] [ervermainrunner] org.apache.zookeeper.server.ZKDatabase   : zookeeper.snapshotSizeFactor = 0.33
2026-06-11T03:42:53.272+05:30  INFO 85548 --- [zookeeper-patterns] [ervermainrunner] org.apache.zookeeper.server.ZKDatabase   : zookeeper.commitLogCount=500
2026-06-11T03:42:53.278+05:30  INFO 85548 --- [zookeeper-patterns] [ervermainrunner] o.a.z.server.persistence.SnapStream      : zookeeper.snapshot.compression.method = CHECKED
2026-06-11T03:42:53.279+05:30  INFO 85548 --- [zookeeper-patterns] [ervermainrunner] o.a.z.server.persistence.FileTxnSnapLog  : Snapshotting: 0x0 to /private/var/folders/9h/t4r5k3mn5zz_60sv6p57b2tc0000gn/T/DirectoryUtils16883306058859505448/version-2/snapshot.0
2026-06-11T03:42:53.282+05:30  INFO 85548 --- [zookeeper-patterns] [ervermainrunner] org.apache.zookeeper.server.ZKDatabase   : Snapshot loaded in 9 ms, highest zxid is 0x0, digest is 1371985504
2026-06-11T03:42:53.283+05:30  INFO 85548 --- [zookeeper-patterns] [ervermainrunner] o.a.z.server.persistence.FileTxnSnapLog  : Snapshotting: 0x0 to /private/var/folders/9h/t4r5k3mn5zz_60sv6p57b2tc0000gn/T/DirectoryUtils16883306058859505448/version-2/snapshot.0
2026-06-11T03:42:53.283+05:30  INFO 85548 --- [zookeeper-patterns] [ervermainrunner] o.a.zookeeper.server.ZooKeeperServer     : Snapshot taken in 1 ms
2026-06-11T03:42:53.290+05:30  INFO 85548 --- [zookeeper-patterns] [ervermainrunner] o.a.zookeeper.server.RequestThrottler    : zookeeper.request_throttler.shutdownTimeout = 10000
2026-06-11T03:42:53.296+05:30  INFO 85548 --- [zookeeper-patterns] [0 cport:55579):] o.a.z.server.PrepRequestProcessor        : PrepRequestProcessor (sid:0) started, reconfigEnabled=false
2026-06-11T03:42:53.387+05:30  INFO 85548 --- [zookeeper-patterns] [ervermainrunner] o.a.zookeeper.server.ContainerManager    : Using checkIntervalMs=60000 maxPerMinute=10000 maxNeverUsedIntervalMs=0
2026-06-11T03:42:53.388+05:30  INFO 85548 --- [zookeeper-patterns] [ervermainrunner] o.a.zookeeper.audit.ZKAuditProvider      : ZooKeeper audit is disabled.
2026-06-11T03:42:53.388+05:30  INFO 85548 --- [zookeeper-patterns] [ervermainrunner] o.a.z.s.e.ZooKeeperServerEmbeddedImpl    : ZK Server started
2026-06-11T03:42:53.451+05:30  INFO 85548 --- [zookeeper-patterns] [           main] o.a.c.f.imps.CuratorFrameworkImpl        : Starting
2026-06-11T03:42:53.456+05:30  INFO 85548 --- [zookeeper-patterns] [           main] org.apache.zookeeper.ZooKeeper           : Client environment:zookeeper.version=3.7.2-c06c7c8a3e95779d4becb1938b378596e3b420d0, built on 2023-10-06 09:51 UTC
2026-06-11T03:42:53.456+05:30  INFO 85548 --- [zookeeper-patterns] [           main] org.apache.zookeeper.ZooKeeper           : Client environment:host.name=localhost
2026-06-11T03:42:53.456+05:30  INFO 85548 --- [zookeeper-patterns] [           main] org.apache.zookeeper.ZooKeeper           : Client environment:java.version=17.0.4.1
2026-06-11T03:42:53.456+05:30  INFO 85548 --- [zookeeper-patterns] [           main] org.apache.zookeeper.ZooKeeper           : Client environment:java.vendor=Eclipse Adoptium
2026-06-11T03:42:53.456+05:30  INFO 85548 --- [zookeeper-patterns] [           main] org.apache.zookeeper.ZooKeeper           : Client environment:java.home=/Library/Java/JavaVirtualMachines/temurin-17.jdk/Contents/Home
2026-06-11T03:42:53.456+05:30  INFO 85548 --- [zookeeper-patterns] [           main] org.apache.zookeeper.ZooKeeper           : Client environment:java.class.path=/Users/divyanshu/Desktop/Projects/Zookeeper/target/test-classes:/Users/divyanshu/Desktop/Projects/Zookeeper/target/classes:/Users/divyanshu/.m2/repository/org/springframework/boot/spring-boot-starter-web/3.2.5/spring-boot-starter-web-3.2.5.jar:/Users/divyanshu/.m2/repository/org/springframework/boot/spring-boot-starter/3.2.5/spring-boot-starter-3.2.5.jar:/Users/divyanshu/.m2/repository/org/springframework/boot/spring-boot/3.2.5/spring-boot-3.2.5.jar:/Users/divyanshu/.m2/repository/org/springframework/boot/spring-boot-autoconfigure/3.2.5/spring-boot-autoconfigure-3.2.5.jar:/Users/divyanshu/.m2/repository/org/springframework/boot/spring-boot-starter-logging/3.2.5/spring-boot-starter-logging-3.2.5.jar:/Users/divyanshu/.m2/repository/ch/qos/logback/logback-classic/1.4.14/logback-classic-1.4.14.jar:/Users/divyanshu/.m2/repository/ch/qos/logback/logback-core/1.4.14/logback-core-1.4.14.jar:/Users/divyanshu/.m2/repository/org/apache/logging/log4j/log4j-to-slf4j/2.21.1/log4j-to-slf4j-2.21.1.jar:/Users/divyanshu/.m2/repository/org/apache/logging/log4j/log4j-api/2.21.1/log4j-api-2.21.1.jar:/Users/divyanshu/.m2/repository/org/slf4j/jul-to-slf4j/2.0.13/jul-to-slf4j-2.0.13.jar:/Users/divyanshu/.m2/repository/jakarta/annotation/jakarta.annotation-api/2.1.1/jakarta.annotation-api-2.1.1.jar:/Users/divyanshu/.m2/repository/org/yaml/snakeyaml/2.2/snakeyaml-2.2.jar:/Users/divyanshu/.m2/repository/org/springframework/boot/spring-boot-starter-json/3.2.5/spring-boot-starter-json-3.2.5.jar:/Users/divyanshu/.m2/repository/com/fasterxml/jackson/datatype/jackson-datatype-jdk8/2.15.4/jackson-datatype-jdk8-2.15.4.jar:/Users/divyanshu/.m2/repository/com/fasterxml/jackson/datatype/jackson-datatype-jsr310/2.15.4/jackson-datatype-jsr310-2.15.4.jar:/Users/divyanshu/.m2/repository/com/fasterxml/jackson/module/jackson-module-parameter-names/2.15.4/jackson-module-parameter-names-2.15.4.jar:/Users/divyanshu/.m2/repository/org/springframework/boot/spring-boot-starter-tomcat/3.2.5/spring-boot-starter-tomcat-3.2.5.jar:/Users/divyanshu/.m2/repository/org/apache/tomcat/embed/tomcat-embed-core/10.1.20/tomcat-embed-core-10.1.20.jar:/Users/divyanshu/.m2/repository/org/apache/tomcat/embed/tomcat-embed-el/10.1.20/tomcat-embed-el-10.1.20.jar:/Users/divyanshu/.m2/repository/org/apache/tomcat/embed/tomcat-embed-websocket/10.1.20/tomcat-embed-websocket-10.1.20.jar:/Users/divyanshu/.m2/repository/org/springframework/spring-web/6.1.6/spring-web-6.1.6.jar:/Users/divyanshu/.m2/repository/org/springframework/spring-beans/6.1.6/spring-beans-6.1.6.jar:/Users/divyanshu/.m2/repository/org/springframework/spring-webmvc/6.1.6/spring-webmvc-6.1.6.jar:/Users/divyanshu/.m2/repository/org/springframework/spring-aop/6.1.6/spring-aop-6.1.6.jar:/Users/divyanshu/.m2/repository/org/springframework/spring-context/6.1.6/spring-context-6.1.6.jar:/Users/divyanshu/.m2/repository/org/springframework/spring-expression/6.1.6/spring-expression-6.1.6.jar:/Users/divyanshu/.m2/repository/org/springframework/boot/spring-boot-starter-actuator/3.2.5/spring-boot-starter-actuator-3.2.5.jar:/Users/divyanshu/.m2/repository/org/springframework/boot/spring-boot-actuator-autoconfigure/3.2.5/spring-boot-actuator-autoconfigure-3.2.5.jar:/Users/divyanshu/.m2/repository/org/springframework/boot/spring-boot-actuator/3.2.5/spring-boot-actuator-3.2.5.jar:/Users/divyanshu/.m2/repository/io/micrometer/micrometer-observation/1.12.5/micrometer-observation-1.12.5.jar:/Users/divyanshu/.m2/repository/io/micrometer/micrometer-commons/1.12.5/micrometer-commons-1.12.5.jar:/Users/divyanshu/.m2/repository/io/micrometer/micrometer-jakarta9/1.12.5/micrometer-jakarta9-1.12.5.jar:/Users/divyanshu/.m2/repository/io/micrometer/micrometer-core/1.12.5/micrometer-core-1.12.5.jar:/Users/divyanshu/.m2/repository/org/hdrhistogram/HdrHistogram/2.1.12/HdrHistogram-2.1.12.jar:/Users/divyanshu/.m2/repository/org/latencyutils/LatencyUtils/2.0.3/LatencyUtils-2.0.3.jar:/Users/divyanshu/.m2/repository/org/apache/curator/curator-framework/5.6.0/curator-framework-5.6.0.jar:/Users/divyanshu/.m2/repository/org/apache/curator/curator-client/5.6.0/curator-client-5.6.0.jar:/Users/divyanshu/.m2/repository/org/slf4j/slf4j-api/2.0.13/slf4j-api-2.0.13.jar:/Users/divyanshu/.m2/repository/org/apache/curator/curator-recipes/5.6.0/curator-recipes-5.6.0.jar:/Users/divyanshu/.m2/repository/org/apache/curator/curator-x-discovery/5.6.0/curator-x-discovery-5.6.0.jar:/Users/divyanshu/.m2/repository/com/fasterxml/jackson/core/jackson-databind/2.15.4/jackson-databind-2.15.4.jar:/Users/divyanshu/.m2/repository/com/fasterxml/jackson/core/jackson-annotations/2.15.4/jackson-annotations-2.15.4.jar:/Users/divyanshu/.m2/repository/com/fasterxml/jackson/core/jackson-core/2.15.4/jackson-core-2.15.4.jar:/Users/divyanshu/.m2/repository/org/projectlombok/lombok/1.18.32/lombok-1.18.32.jar:/Users/divyanshu/.m2/repository/org/springframework/boot/spring-boot-starter-test/3.2.5/spring-boot-starter-test-3.2.5.jar:/Users/divyanshu/.m2/repository/org/springframework/boot/spring-boot-test/3.2.5/spring-boot-test-3.2.5.jar:/Users/divyanshu/.m2/repository/org/springframework/boot/spring-boot-test-autoconfigure/3.2.5/spring-boot-test-autoconfigure-3.2.5.jar:/Users/divyanshu/.m2/repository/com/jayway/jsonpath/json-path/2.9.0/json-path-2.9.0.jar:/Users/divyanshu/.m2/repository/jakarta/xml/bind/jakarta.xml.bind-api/4.0.2/jakarta.xml.bind-api-4.0.2.jar:/Users/divyanshu/.m2/repository/jakarta/activation/jakarta.activation-api/2.1.3/jakarta.activation-api-2.1.3.jar:/Users/divyanshu/.m2/repository/net/minidev/json-smart/2.5.1/json-smart-2.5.1.jar:/Users/divyanshu/.m2/repository/net/minidev/accessors-smart/2.5.1/accessors-smart-2.5.1.jar:/Users/divyanshu/.m2/repository/org/ow2/asm/asm/9.6/asm-9.6.jar:/Users/divyanshu/.m2/repository/org/assertj/assertj-core/3.24.2/assertj-core-3.24.2.jar:/Users/divyanshu/.m2/repository/net/bytebuddy/byte-buddy/1.14.13/byte-buddy-1.14.13.jar:/Users/divyanshu/.m2/repository/org/awaitility/awaitility/4.2.1/awaitility-4.2.1.jar:/Users/divyanshu/.m2/repository/org/hamcrest/hamcrest/2.2/hamcrest-2.2.jar:/Users/divyanshu/.m2/repository/org/junit/jupiter/junit-jupiter/5.10.2/junit-jupiter-5.10.2.jar:/Users/divyanshu/.m2/repository/org/junit/jupiter/junit-jupiter-params/5.10.2/junit-jupiter-params-5.10.2.jar:/Users/divyanshu/.m2/repository/org/junit/jupiter/junit-jupiter-engine/5.10.2/junit-jupiter-engine-5.10.2.jar:/Users/divyanshu/.m2/repository/org/junit/platform/junit-platform-engine/1.10.2/junit-platform-engine-1.10.2.jar:/Users/divyanshu/.m2/repository/org/mockito/mockito-core/5.7.0/mockito-core-5.7.0.jar:/Users/divyanshu/.m2/repository/net/bytebuddy/byte-buddy-agent/1.14.13/byte-buddy-agent-1.14.13.jar:/Users/divyanshu/.m2/repository/org/objenesis/objenesis/3.3/objenesis-3.3.jar:/Users/divyanshu/.m2/repository/org/mockito/mockito-junit-jupiter/5.7.0/mockito-junit-jupiter-5.7.0.jar:/Users/divyanshu/.m2/repository/org/skyscreamer/jsonassert/1.5.1/jsonassert-1.5.1.jar:/Users/divyanshu/.m2/repository/com/vaadin/external/google/android-json/0.0.20131108.vaadin1/android-json-0.0.20131108.vaadin1.jar:/Users/divyanshu/.m2/repository/org/springframework/spring-core/6.1.6/spring-core-6.1.6.jar:/Users/divyanshu/.m2/repository/org/springframework/spring-jcl/6.1.6/spring-jcl-6.1.6.jar:/Users/divyanshu/.m2/repository/org/springframework/spring-test/6.1.6/spring-test-6.1.6.jar:/Users/divyanshu/.m2/repository/org/xmlunit/xmlunit-core/2.9.1/xmlunit-core-2.9.1.jar:/Users/divyanshu/.m2/repository/org/apache/curator/curator-test/5.6.0/curator-test-5.6.0.jar:/Users/divyanshu/.m2/repository/org/apache/zookeeper/zookeeper/3.7.2/zookeeper-3.7.2.jar:/Users/divyanshu/.m2/repository/org/apache/zookeeper/zookeeper-jute/3.7.2/zookeeper-jute-3.7.2.jar:/Users/divyanshu/.m2/repository/org/apache/yetus/audience-annotations/0.12.0/audience-annotations-0.12.0.jar:/Users/divyanshu/.m2/repository/io/netty/netty-handler/4.1.109.Final/netty-handler-4.1.109.Final.jar:/Users/divyanshu/.m2/repository/io/netty/netty-common/4.1.109.Final/netty-common-4.1.109.Final.jar:/Users/divyanshu/.m2/repository/io/netty/netty-resolver/4.1.109.Final/netty-resolver-4.1.109.Final.jar:/Users/divyanshu/.m2/repository/io/netty/netty-buffer/4.1.109.Final/netty-buffer-4.1.109.Final.jar:/Users/divyanshu/.m2/repository/io/netty/netty-transport/4.1.109.Final/netty-transport-4.1.109.Final.jar:/Users/divyanshu/.m2/repository/io/netty/netty-transport-native-unix-common/4.1.109.Final/netty-transport-native-unix-common-4.1.109.Final.jar:/Users/divyanshu/.m2/repository/io/netty/netty-codec/4.1.109.Final/netty-codec-4.1.109.Final.jar:/Users/divyanshu/.m2/repository/io/netty/netty-transport-native-epoll/4.1.109.Final/netty-transport-native-epoll-4.1.109.Final.jar:/Users/divyanshu/.m2/repository/io/netty/netty-transport-classes-epoll/4.1.109.Final/netty-transport-classes-epoll-4.1.109.Final.jar:/Users/divyanshu/.m2/repository/io/dropwizard/metrics/metrics-core/4.2.25/metrics-core-4.2.25.jar:/Users/divyanshu/.m2/repository/org/xerial/snappy/snappy-java/1.1.10.4/snappy-java-1.1.10.4.jar:/Users/divyanshu/.m2/repository/com/google/guava/guava/32.0.0-jre/guava-32.0.0-jre.jar:/Users/divyanshu/.m2/repository/com/google/guava/failureaccess/1.0.1/failureaccess-1.0.1.jar:/Users/divyanshu/.m2/repository/com/google/guava/listenablefuture/9999.0-empty-to-avoid-conflict-with-guava/listenablefuture-9999.0-empty-to-avoid-conflict-with-guava.jar:/Users/divyanshu/.m2/repository/com/google/code/findbugs/jsr305/3.0.2/jsr305-3.0.2.jar:/Users/divyanshu/.m2/repository/org/checkerframework/checker-qual/3.33.0/checker-qual-3.33.0.jar:/Users/divyanshu/.m2/repository/com/google/errorprone/error_prone_annotations/2.18.0/error_prone_annotations-2.18.0.jar:/Users/divyanshu/.m2/repository/com/google/j2objc/j2objc-annotations/2.8/j2objc-annotations-2.8.jar:/Users/divyanshu/.m2/repository/org/junit/jupiter/junit-jupiter-api/5.10.2/junit-jupiter-api-5.10.2.jar:/Users/divyanshu/.m2/repository/org/opentest4j/opentest4j/1.3.0/opentest4j-1.3.0.jar:/Users/divyanshu/.m2/repository/org/junit/platform/junit-platform-commons/1.10.2/junit-platform-commons-1.10.2.jar:/Users/divyanshu/.m2/repository/org/apiguardian/apiguardian-api/1.1.2/apiguardian-api-1.1.2.jar:
2026-06-11T03:42:53.457+05:30  INFO 85548 --- [zookeeper-patterns] [           main] org.apache.zookeeper.ZooKeeper           : Client environment:java.library.path=/Users/divyanshu/Library/Java/Extensions:/Library/Java/Extensions:/Network/Library/Java/Extensions:/System/Library/Java/Extensions:/usr/lib/java:.
2026-06-11T03:42:53.457+05:30  INFO 85548 --- [zookeeper-patterns] [           main] org.apache.zookeeper.ZooKeeper           : Client environment:java.io.tmpdir=/var/folders/9h/t4r5k3mn5zz_60sv6p57b2tc0000gn/T/
2026-06-11T03:42:53.457+05:30  INFO 85548 --- [zookeeper-patterns] [           main] org.apache.zookeeper.ZooKeeper           : Client environment:java.compiler=<NA>
2026-06-11T03:42:53.457+05:30  INFO 85548 --- [zookeeper-patterns] [           main] org.apache.zookeeper.ZooKeeper           : Client environment:os.name=Mac OS X
2026-06-11T03:42:53.457+05:30  INFO 85548 --- [zookeeper-patterns] [           main] org.apache.zookeeper.ZooKeeper           : Client environment:os.arch=x86_64
2026-06-11T03:42:53.458+05:30  INFO 85548 --- [zookeeper-patterns] [           main] org.apache.zookeeper.ZooKeeper           : Client environment:os.version=26.2
2026-06-11T03:42:53.459+05:30  INFO 85548 --- [zookeeper-patterns] [           main] org.apache.zookeeper.ZooKeeper           : Client environment:user.name=divyanshu
2026-06-11T03:42:53.459+05:30  INFO 85548 --- [zookeeper-patterns] [           main] org.apache.zookeeper.ZooKeeper           : Client environment:user.home=/Users/divyanshu
2026-06-11T03:42:53.459+05:30  INFO 85548 --- [zookeeper-patterns] [           main] org.apache.zookeeper.ZooKeeper           : Client environment:user.dir=/Users/divyanshu/Desktop/Projects/Zookeeper
2026-06-11T03:42:53.459+05:30  INFO 85548 --- [zookeeper-patterns] [           main] org.apache.zookeeper.ZooKeeper           : Client environment:os.memory.free=18MB
2026-06-11T03:42:53.459+05:30  INFO 85548 --- [zookeeper-patterns] [           main] org.apache.zookeeper.ZooKeeper           : Client environment:os.memory.max=2048MB
2026-06-11T03:42:53.459+05:30  INFO 85548 --- [zookeeper-patterns] [           main] org.apache.zookeeper.ZooKeeper           : Client environment:os.memory.total=54MB
2026-06-11T03:42:53.461+05:30  INFO 85548 --- [zookeeper-patterns] [           main] org.apache.zookeeper.ZooKeeper           : Initiating client connection, connectString=127.0.0.1:55579 sessionTimeout=60000 watcher=org.apache.curator.ConnectionState@b61edb9
2026-06-11T03:42:53.464+05:30  INFO 85548 --- [zookeeper-patterns] [           main] org.apache.zookeeper.common.X509Util     : Setting -D jdk.tls.rejectClientInitiatedRenegotiation=true to disable client-initiated TLS renegotiation
2026-06-11T03:42:53.466+05:30  INFO 85548 --- [zookeeper-patterns] [           main] org.apache.zookeeper.ClientCnxnSocket    : jute.maxbuffer value is 1048575 Bytes
2026-06-11T03:42:53.472+05:30  INFO 85548 --- [zookeeper-patterns] [           main] org.apache.zookeeper.ClientCnxn          : zookeeper.request.timeout value is 0. feature enabled=false
2026-06-11T03:42:53.478+05:30  INFO 85548 --- [zookeeper-patterns] [           main] o.a.c.f.imps.CuratorFrameworkImpl        : Default schema
2026-06-11T03:42:53.479+05:30  INFO 85548 --- [zookeeper-patterns] [27.0.0.1:55579)] org.apache.zookeeper.ClientCnxn          : Opening socket connection to server localhost/127.0.0.1:55579.
2026-06-11T03:42:53.479+05:30  INFO 85548 --- [zookeeper-patterns] [27.0.0.1:55579)] org.apache.zookeeper.ClientCnxn          : SASL config status: Will not attempt to authenticate using SASL (unknown error)
2026-06-11T03:42:53.493+05:30  INFO 85548 --- [zookeeper-patterns] [27.0.0.1:55579)] org.apache.zookeeper.ClientCnxn          : Socket connection established, initiating session, client: /127.0.0.1:55580, server: localhost/127.0.0.1:55579
2026-06-11T03:42:53.505+05:30  INFO 85548 --- [zookeeper-patterns] [   SyncThread:0] o.a.z.server.persistence.FileTxnLog      : Creating new log file: log.1
2026-06-11T03:42:53.527+05:30  INFO 85548 --- [zookeeper-patterns] [27.0.0.1:55579)] org.apache.zookeeper.ClientCnxn          : Session establishment complete on server localhost/127.0.0.1:55579, session id = 0x1000bbc25700000, negotiated timeout = 20000
2026-06-11T03:42:53.531+05:30  INFO 85548 --- [zookeeper-patterns] [ain-EventThread] o.a.c.f.state.ConnectionStateManager     : State change: CONNECTED
2026-06-11T03:42:53.544+05:30  INFO 85548 --- [zookeeper-patterns] [ain-EventThread] o.a.c.framework.imps.EnsembleTracker     : New config event received: {}
2026-06-11T03:42:53.545+05:30  INFO 85548 --- [zookeeper-patterns] [ain-EventThread] o.a.c.framework.imps.EnsembleTracker     : New config event received: {}
2026-06-11T03:42:53.606+05:30  INFO 85548 --- [zookeeper-patterns] [           main] c.e.z.p.c.ConfigManagementService        : [Config] Set feature.dark-mode = false
2026-06-11T03:42:53.614+05:30  INFO 85548 --- [zookeeper-patterns] [           main] org.apache.curator.utils.Compatibility   : Using org.apache.zookeeper.server.quorum.MultipleAddresses
2026-06-11T03:42:53.628+05:30  INFO 85548 --- [zookeeper-patterns] [           main] c.e.z.p.c.ConfigManagementService        : [Config] Set rate-limit.requests-per-second = 100
2026-06-11T03:42:53.639+05:30  INFO 85548 --- [zookeeper-patterns] [           main] c.e.z.p.c.ConfigManagementService        : [Config] Set db.pool-size = 10
2026-06-11T03:42:53.683+05:30  INFO 85548 --- [zookeeper-patterns] [           main] c.e.z.p.c.DistributedCounterService      : [Counter] SharedCount started
2026-06-11T03:42:53.704+05:30  INFO 85548 --- [zookeeper-patterns] [           main] c.e.z.p.l.LeaderElectionService          : [LeaderElection] Node 9ee101ae joined election at path /patterns/leader-election
2026-06-11T03:42:53.742+05:30  INFO 85548 --- [zookeeper-patterns] [ain-EventThread] c.e.z.p.l.LeaderElectionService          : [LeaderElection] Node 9ee101ae has become the LEADER
2026-06-11T03:42:54.694+05:30  INFO 85548 --- [zookeeper-patterns] [           main] o.s.b.a.e.web.EndpointLinksResolver      : Exposing 2 endpoint(s) beneath base path '/actuator'
2026-06-11T03:42:54.825+05:30  INFO 85548 --- [zookeeper-patterns] [           main] c.e.z.ZookeeperPatternsIntegrationTest   : Started ZookeeperPatternsIntegrationTest in 4.402 seconds (process running for 5.967)
2026-06-11T03:42:55.922+05:30  INFO 85548 --- [zookeeper-patterns] [           main] c.e.z.p.s.ServiceDiscoveryService        : [ServiceDiscovery] Registered 10.0.0.6:9091 as c06a7b41 under /patterns/services/inventory-service/c06a7b41
2026-06-11T03:42:56.350+05:30  INFO 85548 --- [zookeeper-patterns] [           main] c.e.z.p.s.ServiceDiscoveryService        : [ServiceDiscovery] Deregistered instance c06a7b41
2026-06-11T03:42:56.359+05:30  INFO 85548 --- [zookeeper-patterns] [ChildrenCache-0] c.e.z.p.s.ServiceDiscoveryService        : [ServiceDiscovery] Instance left: inventory-service -> 10.0.0.6:9091
]]></system-out>
  </testcase>
  <testcase name="counter_atomicIncrement_concurrent" classname="com.example.zookeeper.ZookeeperPatternsIntegrationTest" time="0.429">
    <system-out><![CDATA[2026-06-11T03:42:56.776+05:30  INFO 85548 --- [zookeeper-patterns] [ool-10-thread-5] c.e.z.p.c.DistributedCounterService      : [Counter] Atomic increment: 0 -> 1
2026-06-11T03:42:56.845+05:30  INFO 85548 --- [zookeeper-patterns] [ool-10-thread-4] c.e.z.p.c.DistributedCounterService      : [Counter] Atomic increment: 1 -> 2
2026-06-11T03:42:56.912+05:30  INFO 85548 --- [zookeeper-patterns] [ool-10-thread-3] c.e.z.p.c.DistributedCounterService      : [Counter] Atomic increment: 2 -> 3
2026-06-11T03:42:57.012+05:30  INFO 85548 --- [zookeeper-patterns] [ool-10-thread-2] c.e.z.p.c.DistributedCounterService      : [Counter] Atomic increment: 3 -> 4
2026-06-11T03:42:57.134+05:30  INFO 85548 --- [zookeeper-patterns] [ool-10-thread-1] c.e.z.p.c.DistributedCounterService      : [Counter] Atomic increment: 4 -> 5
]]></system-out>
  </testcase>
  <testcase name="configManagement_setAndGet" classname="com.example.zookeeper.ZookeeperPatternsIntegrationTest" time="0.036">
    <system-out><![CDATA[2026-06-11T03:42:57.198+05:30  INFO 85548 --- [zookeeper-patterns] [           main] c.e.z.p.c.ConfigManagementService        : [Config] Set test.key = hello
]]></system-out>
  </testcase>
  <testcase name="counter_sharedCount_getAndSet" classname="com.example.zookeeper.ZookeeperPatternsIntegrationTest" time="0.015"/>
  <testcase name="leaderElection_singleNode_becomesLeader" classname="com.example.zookeeper.ZookeeperPatternsIntegrationTest" time="0.008"/>
  <testcase name="distributedLock_semaphore_allowsMaxConcurrency" classname="com.example.zookeeper.ZookeeperPatternsIntegrationTest" time="0.135">
    <system-out><![CDATA[2026-06-11T03:42:57.250+05:30  INFO 85548 --- [zookeeper-patterns] [           main] c.e.z.p.d.DistributedLockService         : [Semaphore] Trying to acquire a lease (max 3 concurrent)...
2026-06-11T03:42:57.312+05:30  INFO 85548 --- [zookeeper-patterns] [           main] c.e.z.p.d.DistributedLockService         : [Semaphore] Lease acquired. Working for 50ms
]]></system-out>
  </testcase>
  <testcase name="configManagement_delete" classname="com.example.zookeeper.ZookeeperPatternsIntegrationTest" time="0.025">
    <system-out><![CDATA[2026-06-11T03:42:57.394+05:30  INFO 85548 --- [zookeeper-patterns] [           main] c.e.z.p.c.ConfigManagementService        : [Config] Set delete.me = gone
2026-06-11T03:42:57.404+05:30  INFO 85548 --- [zookeeper-patterns] [           main] c.e.z.p.c.ConfigManagementService        : [Config] Deleted key delete.me
]]></system-out>
  </testcase>
  <testcase name="leaderElection_resignAndReEnter" classname="com.example.zookeeper.ZookeeperPatternsIntegrationTest" time="0.215">
    <system-out><![CDATA[2026-06-11T03:42:57.416+05:30  INFO 85548 --- [zookeeper-patterns] [           main] c.e.z.p.l.LeaderElectionService          : [LeaderElection] Node 9ee101ae resigned
2026-06-11T03:42:57.418+05:30  INFO 85548 --- [zookeeper-patterns] [           main] c.e.z.p.l.LeaderElectionService          : [LeaderElection] Node 9ee101ae joined election at path /patterns/leader-election
2026-06-11T03:42:57.425+05:30  INFO 85548 --- [zookeeper-patterns] [ain-EventThread] c.e.z.p.l.LeaderElectionService          : [LeaderElection] Node 9ee101ae has become the LEADER
]]></system-out>
  </testcase>
  <testcase name="serviceDiscovery_registerAndDiscover" classname="com.example.zookeeper.ZookeeperPatternsIntegrationTest" time="0.263">
    <system-out><![CDATA[2026-06-11T03:42:57.665+05:30  INFO 85548 --- [zookeeper-patterns] [           main] c.e.z.p.s.ServiceDiscoveryService        : [ServiceDiscovery] Registered 10.0.0.5:9090 as b74a2303 under /patterns/services/payment-service/b74a2303
]]></system-out>
  </testcase>
  <testcase name="distributedLock_mutex_serializesWork" classname="com.example.zookeeper.ZookeeperPatternsIntegrationTest" time="0.414">
    <system-out><![CDATA[2026-06-11T03:42:57.921+05:30  INFO 85548 --- [zookeeper-patterns] [ool-13-thread-1] c.e.z.p.d.DistributedLockService         : [Mutex] Trying to acquire lock...
2026-06-11T03:42:57.921+05:30  INFO 85548 --- [zookeeper-patterns] [ool-13-thread-2] c.e.z.p.d.DistributedLockService         : [Mutex] Trying to acquire lock...
2026-06-11T03:42:57.921+05:30  INFO 85548 --- [zookeeper-patterns] [ool-13-thread-3] c.e.z.p.d.DistributedLockService         : [Mutex] Trying to acquire lock...
2026-06-11T03:42:57.961+05:30  INFO 85548 --- [zookeeper-patterns] [ool-13-thread-1] c.e.z.p.d.DistributedLockService         : [Mutex] Lock acquired. Doing work for 100ms
2026-06-11T03:42:58.073+05:30  INFO 85548 --- [zookeeper-patterns] [ool-13-thread-1] c.e.z.p.d.DistributedLockService         : [Mutex] Lock released
2026-06-11T03:42:58.073+05:30  INFO 85548 --- [zookeeper-patterns] [ool-13-thread-3] c.e.z.p.d.DistributedLockService         : [Mutex] Lock acquired. Doing work for 100ms
2026-06-11T03:42:58.186+05:30  INFO 85548 --- [zookeeper-patterns] [ool-13-thread-3] c.e.z.p.d.DistributedLockService         : [Mutex] Lock released
2026-06-11T03:42:58.186+05:30  INFO 85548 --- [zookeeper-patterns] [ool-13-thread-2] c.e.z.p.d.DistributedLockService         : [Mutex] Lock acquired. Doing work for 100ms
2026-06-11T03:42:58.305+05:30  INFO 85548 --- [zookeeper-patterns] [ool-13-thread-2] c.e.z.p.d.DistributedLockService         : [Mutex] Lock released
]]></system-out>
  </testcase>
  <testcase name="configManagement_liveUpdate" classname="com.example.zookeeper.ZookeeperPatternsIntegrationTest" time="0.234">
    <system-out><![CDATA[2026-06-11T03:42:58.342+05:30  INFO 85548 --- [zookeeper-patterns] [           main] c.e.z.p.c.ConfigManagementService        : [Config] Set live.key = v1
2026-06-11T03:42:58.352+05:30  INFO 85548 --- [zookeeper-patterns] [           main] c.e.z.p.c.ConfigManagementService        : [Config] Set live.key = v2
2026-06-11T03:42:58.359+05:30  INFO 85548 --- [zookeeper-patterns] [NotifyService-0] c.e.z.p.c.ConfigManagementService        : [Config] Live update: live.key changed v1 -> v2
]]></system-out>
  </testcase>
</testsuite>